\BOOKMARK [1][-]{section.1}{\376\377\000P\000h\000y\000s\000i\000c\000a\000l\000\040\000s\000e\000t\000u\000p}{}% 1
\BOOKMARK [1][-]{section.2}{\376\377\000T\000h\000e\000\040\000s\000i\000m\000p\000l\000e\000s\000t\000\040\000c\000a\000s\000e\000:\000\040\000s\000m\000o\000o\000t\000h\000\040\000t\000r\000a\000n\000s\000v\000e\000r\000s\000e\000\040\000s\000p\000a\000c\000e}{}% 2
\BOOKMARK [2][-]{subsection.2.1}{\376\377\000G\000e\000n\000e\000r\000a\000l\000i\000t\000i\000e\000s}{section.2}% 3
\BOOKMARK [2][-]{subsection.2.2}{\376\377\000M\000a\000t\000t\000e\000r\000\040\000c\000o\000n\000t\000e\000n\000t}{section.2}% 4
\BOOKMARK [1][-]{section.3}{\376\377\000S\000t\000r\000i\000n\000g\000s\000\040\000o\000n\000\040\000o\000r\000b\000i\000f\000o\000l\000d\000s}{}% 5
\BOOKMARK [2][-]{subsection.3.1}{\376\377\000G\000e\000n\000e\000r\000a\000l\000i\000t\000i\000e\000s}{section.3}% 6
\BOOKMARK [2][-]{subsection.3.2}{\376\377\000T\000w\000i\000s\000t\000e\000d\000\040\000s\000e\000c\000t\000o\000r}{section.3}% 7
\BOOKMARK [2][-]{subsection.3.3}{\376\377\000P\000r\000o\000j\000e\000c\000t\000i\000o\000n\000\040\000t\000o\000\040\000d\000a\000u\000g\000h\000t\000e\000r\000\040\000t\000h\000e\000o\000r\000y}{section.3}% 8
\BOOKMARK [2][-]{subsection.3.4}{\376\377\000R\000e\000p\000r\000e\000s\000e\000n\000t\000a\000t\000i\000o\000n\000\040\000t\000h\000e\000o\000r\000y\000\040\000o\000f\000\040\000t\000h\000e\000\040\000p\000r\000o\000j\000e\000c\000t\000i\000o\000n}{section.3}% 9
\BOOKMARK [3][-]{subsubsection.3.4.1}{\376\377\000E\000m\000b\000e\000d\000d\000i\000n\000g\000\040\000o\000f\000\040\000\040\000i\000n\000\040\000t\000h\000e\000\040\000g\000a\000u\000g\000e\000\040\000g\000r\000o\000u\000p}{subsection.3.4}% 10
\BOOKMARK [3][-]{subsubsection.3.4.2}{\376\377\000A\000d\000j\000o\000i\000n\000t\000\040\000r\000e\000p\000r\000e\000s\000e\000n\000t\000a\000t\000i\000o\000n\000\040\000a\000n\000d\000\040\000b\000i\000-\000f\000u\000n\000d\000a\000m\000e\000n\000t\000a\000l\000\040\000f\000i\000e\000l\000d\000s}{subsection.3.4}% 11
\BOOKMARK [3][-]{subsubsection.3.4.3}{\376\377\000I\000n\000v\000a\000r\000i\000a\000n\000t\000\040\000c\000o\000n\000f\000i\000g\000u\000r\000a\000t\000i\000o\000n\000s\000:\000\040\000g\000e\000n\000e\000r\000a\000l\000\040\000c\000a\000s\000e}{subsection.3.4}% 12
\BOOKMARK [3][-]{subsubsection.3.4.4}{\376\377\000B\000i\000-\000i\000n\000d\000e\000x\000\040\000n\000o\000t\000a\000t\000i\000o\000n}{subsection.3.4}% 13
\BOOKMARK [2][-]{subsection.3.5}{\376\377\000F\000i\000e\000l\000d\000\040\000c\000o\000n\000t\000e\000n\000t\000,\000\040\000q\000u\000i\000v\000e\000r\000s\000\040\000a\000n\000d\000\040\000M\000c\000K\000a\000y\000\040\000g\000r\000a\000p\000h\000s}{section.3}% 14
\BOOKMARK [2][-]{subsection.3.6}{\376\377\000G\000a\000u\000g\000e\000\040\000a\000n\000o\000m\000a\000l\000y\000\040\000c\000a\000n\000c\000e\000l\000l\000a\000t\000i\000o\000n}{section.3}% 15
\BOOKMARK [2][-]{subsection.3.7}{\376\377\000A\000\040\000s\000i\000m\000p\000l\000e\000\040\000e\000x\000a\000m\000p\000l\000e\000:\000\040\000S\000=\000C\0003\000/\000Z\0003}{section.3}% 16
\BOOKMARK [3][-]{subsubsection.3.7.1}{\376\377\000P\000r\000o\000j\000e\000c\000t\000i\000o\000n}{subsection.3.7}% 17
\BOOKMARK [3][-]{subsubsection.3.7.2}{\376\377\000Q\000u\000i\000v\000e\000r}{subsection.3.7}% 18
\BOOKMARK [3][-]{subsubsection.3.7.3}{\376\377\000G\000a\000u\000g\000e\000\040\000a\000n\000o\000m\000a\000l\000y\000\040\000c\000a\000n\000c\000e\000l\000l\000a\000t\000i\000o\000n}{subsection.3.7}% 19
\BOOKMARK [1][-]{section.4}{\376\377\000C\000o\000n\000f\000o\000r\000m\000a\000l\000\040\000i\000n\000v\000a\000r\000i\000a\000n\000c\000e}{}% 20
\BOOKMARK [1][-]{section.5}{\376\377\000L\000a\000g\000r\000a\000n\000g\000i\000a\000n}{}% 21
\BOOKMARK [1][-]{section.6}{\376\377\000F\000i\000n\000i\000t\000u\000d\000e}{}% 22
\BOOKMARK [1][-]{section.7}{\376\377\000F\000r\000a\000c\000t\000i\000o\000n\000a\000l\000\040\000b\000r\000a\000n\000e\000s}{}% 23
\BOOKMARK [1][-]{section.8}{\376\377\000N\000=\0002\000\040\000d\000a\000u\000g\000h\000t\000e\000r\000\040\000t\000h\000e\000o\000r\000i\000e\000s}{}% 24
\BOOKMARK [2][-]{subsection.8.1}{\376\377\000G\000e\000n\000e\000r\000a\000l\000i\000t\000i\000e\000s}{section.8}% 25
\BOOKMARK [2][-]{subsection.8.2}{\376\377\000S\000=\000C\000C\0002\000/\000Z\000n}{section.8}% 26
\BOOKMARK [2][-]{subsection.8.3}{\376\377\000S\000=\000C\000C\0002\000/\000D\000n}{section.8}% 27
\BOOKMARK [2][-]{subsection.8.4}{\376\377\000S\000=\000C\000C\0002\000/\000T\000,\000O\000,\000I}{section.8}% 28
\BOOKMARK [1][-]{section.9}{\376\377\000N\000=\0001\000\040\000d\000a\000u\000g\000h\000t\000e\000r\000\040\000t\000h\000e\000o\000r\000i\000e\000s}{}% 29
\BOOKMARK [2][-]{subsection.9.1}{\376\377\000S\000=\000C\0003\000/\000Z\000n}{section.9}% 30
\BOOKMARK [3][-]{subsubsection.9.1.1}{\376\377\000A\000c\000t\000i\000o\000n\000s\000\040\000o\000f\000\040\000Z\000n\000\040\000o\000n\000\040\000C\0003}{subsection.9.1}% 31
\BOOKMARK [3][-]{subsubsection.9.1.2}{\376\377\000E\000x\000a\000m\000p\000l\000e\000:\000\040\000Z\0005}{subsection.9.1}% 32
\BOOKMARK [3][-]{subsubsection.9.1.3}{\376\377\000G\000e\000n\000e\000r\000a\000l\000\040\000Z\000n}{subsection.9.1}% 33
\BOOKMARK [2][-]{subsection.9.2}{\376\377\000S\000=\000C\0003\000/\000\050\0003\000n\0002\000\051\000,\000\050\0006\000n\0002\000\051}{section.9}% 34
\BOOKMARK [2][-]{subsection.9.3}{\376\377\000S\000=\000C\0003\000/\0003\0006\0003\000,\0006\0000\0003\000,\0001\0006\0008\0003\000,\0002\0001\0006\0003\000,\0003\0006\0000\0003}{section.9}% 35
\BOOKMARK [2][-]{subsection.9.4}{\376\377\000S\000=\000C\0003\000/\000\050\000Z\000m\000Z\000n\000\051}{section.9}% 36
\BOOKMARK [3][-]{subsubsection.9.4.1}{\376\377\000R\000e\000p\000r\000e\000s\000e\000n\000t\000a\000t\000i\000o\000n\000s\000\040\000o\000f\000\040\000Z\000m\000Z\000n}{subsection.9.4}% 37
\BOOKMARK [3][-]{subsubsection.9.4.2}{\376\377\000P\000r\000o\000j\000e\000c\000t\000i\000o\000n}{subsection.9.4}% 38
\BOOKMARK [1][-]{section.10}{\376\377\000A\000\040\000n\000o\000t\000e\000\040\000a\000b\000o\000u\000t\000\040\000p\000r\000o\000j\000e\000c\000t\000i\000v\000e\000\040\000r\000e\000p\000r\000e\000s\000e\000n\000t\000a\000t\000i\000o\000n\000s\000,\000\040\000d\000i\000s\000c\000r\000e\000t\000e\000\040\000t\000o\000r\000s\000i\000o\000n\000\040\000a\000n\000d\000\040\000d\000e\000f\000o\000r\000m\000a\000t\000i\000o\000n\000s}{}% 39
\BOOKMARK [2][-]{subsection.10.1}{\376\377\000P\000r\000o\000j\000e\000c\000t\000i\000v\000e\000\040\000r\000e\000p\000r\000e\000s\000e\000n\000t\000a\000t\000i\000o\000n\000s\000\040\000a\000n\000d\000\040\000d\000i\000s\000c\000r\000e\000t\000e\000\040\000t\000o\000r\000s\000i\000o\000n}{section.10}% 40
\BOOKMARK [2][-]{subsection.10.2}{\376\377\000Q\000u\000i\000v\000e\000r\000\040\000g\000a\000u\000g\000e\000\040\000t\000h\000e\000o\000r\000i\000e\000s\000\040\000d\000e\000f\000o\000r\000m\000a\000t\000i\000o\000n\000s\000\040\000a\000n\000d\000\040\000c\000o\000n\000i\000f\000o\000l\000d}{section.10}% 41
\BOOKMARK [1][-]{section.11}{\376\377\000A\000\040\000n\000o\000t\000e\000\040\000o\000n\000\040\000\050\000p\000+\0001\000\051\000-\000d\000i\000m\000e\000n\000s\000i\000o\000n\000a\000l\000\040\000q\000u\000i\000v\000e\000r\000\040\000g\000a\000u\000g\000e\000\040\000t\000h\000e\000o\000r\000i\000e\000s}{}% 42
\BOOKMARK [1][-]{section.12}{\376\377\000S\000u\000m\000m\000a\000r\000y\000\040\000o\000f\000\040\000o\000r\000b\000i\000f\000o\000l\000d\000\040\000w\000o\000r\000l\000d\000v\000o\000l\000u\000m\000e\000\040\000t\000h\000e\000o\000r\000i\000e\000s}{}% 43
\BOOKMARK [1][-]{section.13}{\376\377\000C\000l\000a\000s\000s\000i\000c\000a\000l\000\040\000M\000c\000K\000a\000y\000\040\000c\000o\000r\000r\000e\000s\000p\000o\000n\000d\000e\000n\000c\000e\000\040\000f\000r\000o\000m\000\040\000s\000t\000r\000i\000n\000g\000s}{}% 44
\BOOKMARK [1][-]{appendix.A}{\376\377\000S\000o\000m\000e\000\040\000f\000i\000n\000i\000t\000e\000\040\000s\000u\000b\000g\000r\000o\000u\000p\000s}{}% 45
\BOOKMARK [2][-]{subsection.A.1}{\376\377\000F\000i\000n\000i\000t\000e\000\040\000s\000u\000b\000g\000r\000o\000u\000p\000s\000\040\000o\000f\000\040\000S\000U\000\050\0002\000\051\000\040\000a\000n\000d\000\040\000S\000L\000\050\0002\000,\000C\000\051}{appendix.A}% 46
\BOOKMARK [3][-]{subsubsection.A.1.1}{\376\377\000F\000i\000n\000i\000t\000e\000\040\000s\000u\000b\000g\000r\000o\000u\000p\000s}{subsection.A.1}% 47
\BOOKMARK [3][-]{subsubsection.A.1.2}{\376\377\000I\000r\000r\000e\000d\000u\000c\000i\000b\000l\000e\000\040\000r\000e\000p\000r\000e\000s\000e\000n\000t\000a\000t\000i\000o\000n\000s}{subsection.A.1}% 48
\BOOKMARK [3][-]{subsubsection.A.1.3}{\376\377\000C\000h\000a\000r\000a\000c\000t\000e\000r\000\040\000t\000a\000b\000l\000e\000s}{subsection.A.1}% 49
\BOOKMARK [2][-]{subsection.A.2}{\376\377\000F\000i\000n\000i\000t\000e\000\040\000s\000u\000b\000g\000r\000o\000u\000p\000s\000\040\000o\000f\000\040\000S\000U\000\050\0003\000\051}{appendix.A}% 50
\BOOKMARK [2][-]{subsection.A.3}{\376\377\000F\000i\000n\000i\000t\000e\000\040\000s\000u\000b\000g\000r\000o\000u\000p\000s\000\040\000o\000f\000\040\000S\000U\000\050\0004\000\051}{appendix.A}% 51
